{
    "contracts/amm/IMiltonEvents.sol": {
        "l": {},
        "path": "/home/mario/IPOR/repo/ipor-protocol/contracts/amm/IMiltonEvents.sol",
        "s": {},
        "b": {},
        "f": {},
        "fnMap": {},
        "statementMap": {},
        "branchMap": {}
    },
    "contracts/amm/Milton.sol": {
        "l": {
            "42": 0,
            "49": 0,
            "53": 3,
            "57": 2,
            "65": 7,
            "69": 0,
            "73": 0,
            "86": 271,
            "97": 2,
            "98": 2,
            "101": 2,
            "105": 2,
            "108": 2,
            "112": 1,
            "115": 1,
            "127": 0,
            "144": 0,
            "153": 0,
            "154": 0,
            "167": 0,
            "171": 0,
            "180": 0,
            "190": 159,
            "193": 159,
            "194": 159,
            "197": 159,
            "198": 159,
            "202": 159,
            "206": 159,
            "207": 159,
            "208": 33,
            "214": 126,
            "222": 70,
            "231": 70,
            "232": 33,
            "235": 21,
            "237": 12,
            "240": 37,
            "244": 11,
            "246": 26,
            "260": 230,
            "261": 230,
            "265": 230,
            "268": 230,
            "280": 134,
            "285": 134,
            "286": 134,
            "287": 133,
            "288": 132,
            "293": 131,
            "296": 131,
            "301": 131,
            "307": 131,
            "311": 131,
            "315": 131,
            "320": 131,
            "325": 130,
            "331": 129,
            "337": 129,
            "342": 128,
            "348": 126,
            "354": 126,
            "363": 126,
            "371": 126,
            "384": 124,
            "385": 124,
            "387": 124,
            "388": 94,
            "395": 30,
            "404": 124,
            "408": 124,
            "435": 124,
            "442": 124,
            "451": 124,
            "453": 124,
            "459": 124,
            "484": 124,
            "485": 124,
            "486": 124,
            "490": 124,
            "491": 124,
            "496": 124,
            "509": 72,
            "514": 70,
            "518": 70,
            "521": 70,
            "526": 69,
            "532": 69,
            "535": 69,
            "540": 69,
            "547": 64,
            "555": 64,
            "569": 64,
            "571": 64,
            "573": 42,
            "574": 6,
            "583": 64,
            "585": 30,
            "597": 34,
            "611": 64,
            "612": 48,
            "618": 16,
            "627": 64,
            "630": 58
        },
        "path": "/home/mario/IPOR/repo/ipor-protocol/contracts/amm/Milton.sol",
        "s": {
            "1": 0,
            "2": 3,
            "3": 7,
            "4": 0,
            "5": 0,
            "6": 271,
            "7": 2,
            "8": 2,
            "9": 2,
            "10": 2,
            "11": 2,
            "12": 1,
            "13": 1,
            "14": 0,
            "15": 0,
            "16": 0,
            "17": 0,
            "18": 0,
            "19": 0,
            "20": 0,
            "21": 159,
            "22": 159,
            "23": 159,
            "24": 159,
            "25": 159,
            "26": 159,
            "27": 159,
            "28": 159,
            "29": 33,
            "30": 126,
            "31": 70,
            "32": 70,
            "33": 33,
            "34": 21,
            "35": 12,
            "36": 37,
            "37": 11,
            "38": 26,
            "39": 230,
            "40": 230,
            "41": 230,
            "42": 230,
            "43": 134,
            "44": 134,
            "45": 134,
            "46": 133,
            "47": 132,
            "48": 131,
            "49": 131,
            "50": 131,
            "51": 131,
            "52": 131,
            "53": 131,
            "54": 131,
            "55": 130,
            "56": 129,
            "57": 129,
            "58": 128,
            "59": 126,
            "60": 126,
            "61": 126,
            "62": 126,
            "63": 124,
            "64": 124,
            "65": 124,
            "66": 94,
            "67": 30,
            "68": 124,
            "69": 124,
            "70": 124,
            "71": 124,
            "72": 124,
            "73": 124,
            "74": 124,
            "75": 124,
            "76": 124,
            "77": 124,
            "78": 124,
            "79": 124,
            "80": 124,
            "81": 72,
            "82": 70,
            "83": 70,
            "84": 70,
            "85": 69,
            "86": 69,
            "87": 69,
            "88": 69,
            "89": 64,
            "90": 64,
            "91": 64,
            "92": 64,
            "93": 42,
            "94": 6,
            "95": 64,
            "96": 30,
            "97": 34,
            "98": 64,
            "99": 48,
            "100": 16,
            "101": 64,
            "102": 58
        },
        "b": {
            "1": [0, 0],
            "2": [2, 1],
            "3": [2, 0],
            "4": [2, 0],
            "5": [1, 1],
            "6": [159, 0],
            "7": [33, 126],
            "8": [33, 37],
            "9": [21, 12],
            "10": [11, 26],
            "11": [134, 0],
            "12": [134, 0],
            "13": [133, 1],
            "14": [132, 1],
            "15": [131, 1],
            "16": [131, 0],
            "17": [131, 0],
            "18": [130, 1],
            "19": [129, 1],
            "20": [129, 0],
            "21": [128, 1],
            "22": [126, 2],
            "23": [126, 0],
            "24": [126, 0],
            "25": [124, 2],
            "26": [94, 30],
            "27": [124, 0],
            "28": [124, 0],
            "29": [70, 2],
            "30": [69, 1],
            "31": [42, 22],
            "32": [6, 36],
            "33": [6, 0],
            "34": [30, 34],
            "35": [48, 16],
            "36": [58, 6]
        },
        "f": {
            "1": 0,
            "2": 3,
            "3": 7,
            "4": 0,
            "5": 0,
            "6": 271,
            "7": 2,
            "8": 0,
            "9": 0,
            "10": 0,
            "11": 0,
            "12": 0,
            "13": 159,
            "14": 70,
            "15": 230,
            "16": 134,
            "17": 124,
            "18": 124,
            "19": 72,
            "20": 64,
            "21": 64
        },
        "fnMap": {
            "1": {
                "name": "onlyActiveDerivative",
                "line": 41,
                "loc": {
                    "start": { "line": 41, "column": 4 },
                    "end": { "line": 50, "column": 4 }
                }
            },
            "2": {
                "name": "onlyPublicationFeeTransferer",
                "line": 52,
                "loc": {
                    "start": { "line": 52, "column": 4 },
                    "end": { "line": 58, "column": 4 }
                }
            },
            "3": {
                "name": "initialize",
                "line": 63,
                "loc": {
                    "start": { "line": 61, "column": 4 },
                    "end": { "line": 66, "column": 4 }
                }
            },
            "4": {
                "name": "pause",
                "line": 68,
                "loc": {
                    "start": { "line": 68, "column": 4 },
                    "end": { "line": 70, "column": 4 }
                }
            },
            "5": {
                "name": "unpause",
                "line": 72,
                "loc": {
                    "start": { "line": 72, "column": 4 },
                    "end": { "line": 74, "column": 4 }
                }
            },
            "6": {
                "name": "authorizeJoseph",
                "line": 84,
                "loc": {
                    "start": { "line": 80, "column": 4 },
                    "end": { "line": 90, "column": 4 }
                }
            },
            "7": {
                "name": "transferPublicationFee",
                "line": 95,
                "loc": {
                    "start": { "line": 93, "column": 4 },
                    "end": { "line": 116, "column": 4 }
                }
            },
            "8": {
                "name": "openPosition",
                "line": 120,
                "loc": {
                    "start": { "line": 120, "column": 4 },
                    "end": { "line": 136, "column": 4 }
                }
            },
            "9": {
                "name": "closePosition",
                "line": 142,
                "loc": {
                    "start": { "line": 138, "column": 4 },
                    "end": { "line": 145, "column": 4 }
                }
            },
            "10": {
                "name": "calculateSpread",
                "line": 147,
                "loc": {
                    "start": { "line": 147, "column": 4 },
                    "end": { "line": 155, "column": 4 }
                }
            },
            "11": {
                "name": "calculateSoap",
                "line": 157,
                "loc": {
                    "start": { "line": 157, "column": 4 },
                    "end": { "line": 172, "column": 4 }
                }
            },
            "12": {
                "name": "calculatePositionValue",
                "line": 174,
                "loc": {
                    "start": { "line": 174, "column": 4 },
                    "end": { "line": 181, "column": 4 }
                }
            },
            "13": {
                "name": "calculateExchangeRate",
                "line": 184,
                "loc": {
                    "start": { "line": 184, "column": 4 },
                    "end": { "line": 216, "column": 4 }
                }
            },
            "14": {
                "name": "_calculatePositionValue",
                "line": 218,
                "loc": {
                    "start": { "line": 218, "column": 4 },
                    "end": { "line": 249, "column": 4 }
                }
            },
            "15": {
                "name": "_calculateSoap",
                "line": 251,
                "loc": {
                    "start": { "line": 251, "column": 4 },
                    "end": { "line": 269, "column": 4 }
                }
            },
            "16": {
                "name": "_openPosition",
                "line": 278,
                "loc": {
                    "start": { "line": 271, "column": 4 },
                    "end": { "line": 454, "column": 4 }
                }
            },
            "17": {
                "name": "_emitOpenPositionEvent",
                "line": 456,
                "loc": {
                    "start": { "line": 456, "column": 4 },
                    "end": { "line": 472, "column": 4 }
                }
            },
            "18": {
                "name": "_calculateDerivativeIndicators",
                "line": 473,
                "loc": {
                    "start": { "line": 473, "column": 4 },
                    "end": { "line": 504, "column": 4 }
                }
            },
            "19": {
                "name": "_closePosition",
                "line": 506,
                "loc": {
                    "start": { "line": 506, "column": 4 },
                    "end": { "line": 560, "column": 4 }
                }
            },
            "20": {
                "name": "_transferTokensBasedOnpositionValue",
                "line": 562,
                "loc": {
                    "start": { "line": 562, "column": 4 },
                    "end": { "line": 603, "column": 4 }
                }
            },
            "21": {
                "name": "_transferDerivativeAmount",
                "line": 606,
                "loc": {
                    "start": { "line": 606, "column": 4 },
                    "end": { "line": 635, "column": 4 }
                }
            }
        },
        "statementMap": {
            "1": {
                "start": { "line": 42, "column": 8 },
                "end": { "line": 42, "column": 1507 }
            },
            "2": {
                "start": { "line": 53, "column": 8 },
                "end": { "line": 53, "column": 1844 }
            },
            "3": {
                "start": { "line": 65, "column": 8 },
                "end": { "line": 65, "column": 51 }
            },
            "4": {
                "start": { "line": 69, "column": 8 },
                "end": { "line": 69, "column": 15 }
            },
            "5": {
                "start": { "line": 73, "column": 8 },
                "end": { "line": 73, "column": 17 }
            },
            "6": {
                "start": { "line": 86, "column": 8 },
                "end": { "line": 86, "column": 2666 }
            },
            "7": {
                "start": { "line": 97, "column": 8 },
                "end": { "line": 97, "column": 71 }
            },
            "8": {
                "start": { "line": 98, "column": 8 },
                "end": { "line": 98, "column": 3085 }
            },
            "9": {
                "start": { "line": 101, "column": 8 },
                "end": { "line": 101, "column": 3199 }
            },
            "10": {
                "start": { "line": 105, "column": 8 },
                "end": { "line": 105, "column": 3373 }
            },
            "11": {
                "start": { "line": 108, "column": 8 },
                "end": { "line": 108, "column": 3506 }
            },
            "12": {
                "start": { "line": 112, "column": 8 },
                "end": { "line": 112, "column": 75 }
            },
            "13": {
                "start": { "line": 115, "column": 8 },
                "end": { "line": 115, "column": 59 }
            },
            "14": {
                "start": { "line": 127, "column": 8 },
                "end": { "line": 127, "column": 4360 }
            },
            "15": {
                "start": { "line": 144, "column": 8 },
                "end": { "line": 144, "column": 52 }
            },
            "16": {
                "start": { "line": 153, "column": 2 },
                "end": { "line": 153, "column": 59 }
            },
            "17": {
                "start": { "line": 154, "column": 8 },
                "end": { "line": 154, "column": 65 }
            },
            "18": {
                "start": { "line": 167, "column": 8 },
                "end": { "line": 167, "column": 5336 }
            },
            "19": {
                "start": { "line": 171, "column": 8 },
                "end": { "line": 171, "column": 65 }
            },
            "20": {
                "start": { "line": 180, "column": 8 },
                "end": { "line": 180, "column": 67 }
            },
            "21": {
                "start": { "line": 190, "column": 8 },
                "end": { "line": 190, "column": 6025 }
            },
            "22": {
                "start": { "line": 193, "column": 8 },
                "end": { "line": 193, "column": 72 }
            },
            "23": {
                "start": { "line": 194, "column": 8 },
                "end": { "line": 194, "column": 6259 }
            },
            "24": {
                "start": { "line": 197, "column": 8 },
                "end": { "line": 197, "column": 69 }
            },
            "25": {
                "start": { "line": 198, "column": 8 },
                "end": { "line": 198, "column": 6466 }
            },
            "26": {
                "start": { "line": 202, "column": 8 },
                "end": { "line": 202, "column": 6573 }
            },
            "27": {
                "start": { "line": 206, "column": 8 },
                "end": { "line": 206, "column": 58 }
            },
            "28": {
                "start": { "line": 207, "column": 8 },
                "end": { "line": 207, "column": 6755 }
            },
            "29": {
                "start": { "line": 208, "column": 12 },
                "end": { "line": 208, "column": 6806 }
            },
            "30": {
                "start": { "line": 214, "column": 12 },
                "end": { "line": 214, "column": 32 }
            },
            "31": {
                "start": { "line": 222, "column": 8 },
                "end": { "line": 222, "column": 7189 }
            },
            "32": {
                "start": { "line": 231, "column": 8 },
                "end": { "line": 231, "column": 7506 }
            },
            "33": {
                "start": { "line": 232, "column": 12 },
                "end": { "line": 232, "column": 7566 }
            },
            "34": {
                "start": { "line": 235, "column": 16 },
                "end": { "line": 235, "column": 55 }
            },
            "35": {
                "start": { "line": 237, "column": 16 },
                "end": { "line": 237, "column": 52 }
            },
            "36": {
                "start": { "line": 240, "column": 12 },
                "end": { "line": 240, "column": 7843 }
            },
            "37": {
                "start": { "line": 244, "column": 16 },
                "end": { "line": 244, "column": 53 }
            },
            "38": {
                "start": { "line": 246, "column": 16 },
                "end": { "line": 246, "column": 55 }
            },
            "39": {
                "start": { "line": 260, "column": 8 },
                "end": { "line": 260, "column": 63 }
            },
            "40": {
                "start": { "line": 261, "column": 8 },
                "end": { "line": 261, "column": 8409 }
            },
            "41": {
                "start": { "line": 265, "column": 8 },
                "end": { "line": 265, "column": 8595 }
            },
            "42": {
                "start": { "line": 268, "column": 8 },
                "end": { "line": 268, "column": 65 }
            },
            "43": {
                "start": { "line": 280, "column": 8 },
                "end": { "line": 280, "column": 9108 }
            },
            "44": {
                "start": { "line": 285, "column": 8 },
                "end": { "line": 285, "column": 76 }
            },
            "45": {
                "start": { "line": 286, "column": 8 },
                "end": { "line": 286, "column": 75 }
            },
            "46": {
                "start": { "line": 287, "column": 8 },
                "end": { "line": 287, "column": 67 }
            },
            "47": {
                "start": { "line": 288, "column": 8 },
                "end": { "line": 288, "column": 9528 }
            },
            "48": {
                "start": { "line": 293, "column": 8 },
                "end": { "line": 293, "column": 9674 }
            },
            "49": {
                "start": { "line": 296, "column": 8 },
                "end": { "line": 296, "column": 9833 }
            },
            "50": {
                "start": { "line": 301, "column": 8 },
                "end": { "line": 301, "column": 9979 }
            },
            "51": {
                "start": { "line": 307, "column": 8 },
                "end": { "line": 307, "column": 10277 }
            },
            "52": {
                "start": { "line": 311, "column": 8 },
                "end": { "line": 311, "column": 10406 }
            },
            "53": {
                "start": { "line": 315, "column": 8 },
                "end": { "line": 315, "column": 10559 }
            },
            "54": {
                "start": { "line": 320, "column": 8 },
                "end": { "line": 320, "column": 10697 }
            },
            "55": {
                "start": { "line": 325, "column": 8 },
                "end": { "line": 325, "column": 10900 }
            },
            "56": {
                "start": { "line": 331, "column": 8 },
                "end": { "line": 331, "column": 11105 }
            },
            "57": {
                "start": { "line": 337, "column": 8 },
                "end": { "line": 337, "column": 11358 }
            },
            "58": {
                "start": { "line": 342, "column": 8 },
                "end": { "line": 342, "column": 11514 }
            },
            "59": {
                "start": { "line": 348, "column": 8 },
                "end": { "line": 348, "column": 11693 }
            },
            "60": {
                "start": { "line": 354, "column": 8 },
                "end": { "line": 354, "column": 11888 }
            },
            "61": {
                "start": { "line": 363, "column": 8 },
                "end": { "line": 363, "column": 12287 }
            },
            "62": {
                "start": { "line": 371, "column": 8 },
                "end": { "line": 371, "column": 12591 }
            },
            "63": {
                "start": { "line": 384, "column": 2 },
                "end": { "line": 384, "column": 21 }
            },
            "64": {
                "start": { "line": 385, "column": 2 },
                "end": { "line": 385, "column": 95 }
            },
            "65": {
                "start": { "line": 387, "column": 2 },
                "end": { "line": 387, "column": 13191 }
            },
            "66": {
                "start": { "line": 388, "column": 3 },
                "end": { "line": 388, "column": 13217 }
            },
            "67": {
                "start": { "line": 395, "column": 3 },
                "end": { "line": 395, "column": 13380 }
            },
            "68": {
                "start": { "line": 404, "column": 8 },
                "end": { "line": 404, "column": 13556 }
            },
            "69": {
                "start": { "line": 408, "column": 8 },
                "end": { "line": 408, "column": 13676 }
            },
            "70": {
                "start": { "line": 435, "column": 8 },
                "end": { "line": 435, "column": 66 }
            },
            "71": {
                "start": { "line": 442, "column": 8 },
                "end": { "line": 442, "column": 15453 }
            },
            "72": {
                "start": { "line": 451, "column": 8 },
                "end": { "line": 451, "column": 45 }
            },
            "73": {
                "start": { "line": 453, "column": 8 },
                "end": { "line": 453, "column": 32 }
            },
            "74": {
                "start": { "line": 459, "column": 8 },
                "end": { "line": 459, "column": 15899 }
            },
            "75": {
                "start": { "line": 484, "column": 8 },
                "end": { "line": 484, "column": 63 }
            },
            "76": {
                "start": { "line": 485, "column": 8 },
                "end": { "line": 485, "column": 61 }
            },
            "77": {
                "start": { "line": 486, "column": 8 },
                "end": { "line": 486, "column": 16828 }
            },
            "78": {
                "start": { "line": 490, "column": 8 },
                "end": { "line": 490, "column": 75 }
            },
            "79": {
                "start": { "line": 491, "column": 8 },
                "end": { "line": 491, "column": 17035 }
            },
            "80": {
                "start": { "line": 496, "column": 8 },
                "end": { "line": 496, "column": 17169 }
            },
            "81": {
                "start": { "line": 509, "column": 8 },
                "end": { "line": 509, "column": 17615 }
            },
            "82": {
                "start": { "line": 514, "column": 8 },
                "end": { "line": 514, "column": 17740 }
            },
            "83": {
                "start": { "line": 518, "column": 8 },
                "end": { "line": 518, "column": 17891 }
            },
            "84": {
                "start": { "line": 521, "column": 8 },
                "end": { "line": 521, "column": 17979 }
            },
            "85": {
                "start": { "line": 526, "column": 8 },
                "end": { "line": 526, "column": 18157 }
            },
            "86": {
                "start": { "line": 532, "column": 8 },
                "end": { "line": 532, "column": 18404 }
            },
            "87": {
                "start": { "line": 535, "column": 8 },
                "end": { "line": 535, "column": 18477 }
            },
            "88": {
                "start": { "line": 540, "column": 8 },
                "end": { "line": 540, "column": 18604 }
            },
            "89": {
                "start": { "line": 547, "column": 8 },
                "end": { "line": 547, "column": 18776 }
            },
            "90": {
                "start": { "line": 555, "column": 8 },
                "end": { "line": 555, "column": 18999 }
            },
            "91": {
                "start": { "line": 569, "column": 8 },
                "end": { "line": 569, "column": 71 }
            },
            "92": {
                "start": { "line": 571, "column": 8 },
                "end": { "line": 571, "column": 19475 }
            },
            "93": {
                "start": { "line": 573, "column": 12 },
                "end": { "line": 573, "column": 19696 }
            },
            "94": {
                "start": { "line": 574, "column": 16 },
                "end": { "line": 574, "column": 19763 }
            },
            "95": {
                "start": { "line": 583, "column": 8 },
                "end": { "line": 583, "column": 20050 }
            },
            "96": {
                "start": { "line": 585, "column": 12 },
                "end": { "line": 585, "column": 20131 }
            },
            "97": {
                "start": { "line": 597, "column": 12 },
                "end": { "line": 597, "column": 20562 }
            },
            "98": {
                "start": { "line": 611, "column": 8 },
                "end": { "line": 611, "column": 21032 }
            },
            "99": {
                "start": { "line": 612, "column": 12 },
                "end": { "line": 612, "column": 21146 }
            },
            "100": {
                "start": { "line": 618, "column": 12 },
                "end": { "line": 618, "column": 21430 }
            },
            "101": {
                "start": { "line": 627, "column": 8 },
                "end": { "line": 627, "column": 21709 }
            },
            "102": {
                "start": { "line": 630, "column": 12 },
                "end": { "line": 630, "column": 21914 }
            }
        },
        "branchMap": {
            "1": {
                "line": 42,
                "type": "if",
                "locations": [
                    {
                        "start": { "line": 42, "column": 8 },
                        "end": { "line": 42, "column": 8 }
                    },
                    {
                        "start": { "line": 42, "column": 8 },
                        "end": { "line": 42, "column": 8 }
                    }
                ]
            },
            "2": {
                "line": 53,
                "type": "if",
                "locations": [
                    {
                        "start": { "line": 53, "column": 8 },
                        "end": { "line": 53, "column": 8 }
                    },
                    {
                        "start": { "line": 53, "column": 8 },
                        "end": { "line": 53, "column": 8 }
                    }
                ]
            },
            "3": {
                "line": 97,
                "type": "if",
                "locations": [
                    {
                        "start": { "line": 97, "column": 8 },
                        "end": { "line": 97, "column": 8 }
                    },
                    {
                        "start": { "line": 97, "column": 8 },
                        "end": { "line": 97, "column": 8 }
                    }
                ]
            },
            "4": {
                "line": 101,
                "type": "if",
                "locations": [
                    {
                        "start": { "line": 101, "column": 8 },
                        "end": { "line": 101, "column": 8 }
                    },
                    {
                        "start": { "line": 101, "column": 8 },
                        "end": { "line": 101, "column": 8 }
                    }
                ]
            },
            "5": {
                "line": 108,
                "type": "if",
                "locations": [
                    {
                        "start": { "line": 108, "column": 8 },
                        "end": { "line": 108, "column": 8 }
                    },
                    {
                        "start": { "line": 108, "column": 8 },
                        "end": { "line": 108, "column": 8 }
                    }
                ]
            },
            "6": {
                "line": 202,
                "type": "if",
                "locations": [
                    {
                        "start": { "line": 202, "column": 8 },
                        "end": { "line": 202, "column": 8 }
                    },
                    {
                        "start": { "line": 202, "column": 8 },
                        "end": { "line": 202, "column": 8 }
                    }
                ]
            },
            "7": {
                "line": 207,
                "type": "if",
                "locations": [
                    {
                        "start": { "line": 207, "column": 8 },
                        "end": { "line": 207, "column": 8 }
                    },
                    {
                        "start": { "line": 207, "column": 8 },
                        "end": { "line": 207, "column": 8 }
                    }
                ]
            },
            "8": {
                "line": 231,
                "type": "if",
                "locations": [
                    {
                        "start": { "line": 231, "column": 8 },
                        "end": { "line": 231, "column": 8 }
                    },
                    {
                        "start": { "line": 231, "column": 8 },
                        "end": { "line": 231, "column": 8 }
                    }
                ]
            },
            "9": {
                "line": 232,
                "type": "if",
                "locations": [
                    {
                        "start": { "line": 232, "column": 12 },
                        "end": { "line": 232, "column": 12 }
                    },
                    {
                        "start": { "line": 232, "column": 12 },
                        "end": { "line": 232, "column": 12 }
                    }
                ]
            },
            "10": {
                "line": 240,
                "type": "if",
                "locations": [
                    {
                        "start": { "line": 240, "column": 12 },
                        "end": { "line": 240, "column": 12 }
                    },
                    {
                        "start": { "line": 240, "column": 12 },
                        "end": { "line": 240, "column": 12 }
                    }
                ]
            },
            "11": {
                "line": 280,
                "type": "if",
                "locations": [
                    {
                        "start": { "line": 280, "column": 8 },
                        "end": { "line": 280, "column": 8 }
                    },
                    {
                        "start": { "line": 280, "column": 8 },
                        "end": { "line": 280, "column": 8 }
                    }
                ]
            },
            "12": {
                "line": 285,
                "type": "if",
                "locations": [
                    {
                        "start": { "line": 285, "column": 8 },
                        "end": { "line": 285, "column": 8 }
                    },
                    {
                        "start": { "line": 285, "column": 8 },
                        "end": { "line": 285, "column": 8 }
                    }
                ]
            },
            "13": {
                "line": 286,
                "type": "if",
                "locations": [
                    {
                        "start": { "line": 286, "column": 8 },
                        "end": { "line": 286, "column": 8 }
                    },
                    {
                        "start": { "line": 286, "column": 8 },
                        "end": { "line": 286, "column": 8 }
                    }
                ]
            },
            "14": {
                "line": 287,
                "type": "if",
                "locations": [
                    {
                        "start": { "line": 287, "column": 8 },
                        "end": { "line": 287, "column": 8 }
                    },
                    {
                        "start": { "line": 287, "column": 8 },
                        "end": { "line": 287, "column": 8 }
                    }
                ]
            },
            "15": {
                "line": 288,
                "type": "if",
                "locations": [
                    {
                        "start": { "line": 288, "column": 8 },
                        "end": { "line": 288, "column": 8 }
                    },
                    {
                        "start": { "line": 288, "column": 8 },
                        "end": { "line": 288, "column": 8 }
                    }
                ]
            },
            "16": {
                "line": 296,
                "type": "if",
                "locations": [
                    {
                        "start": { "line": 296, "column": 8 },
                        "end": { "line": 296, "column": 8 }
                    },
                    {
                        "start": { "line": 296, "column": 8 },
                        "end": { "line": 296, "column": 8 }
                    }
                ]
            },
            "17": {
                "line": 301,
                "type": "if",
                "locations": [
                    {
                        "start": { "line": 301, "column": 8 },
                        "end": { "line": 301, "column": 8 }
                    },
                    {
                        "start": { "line": 301, "column": 8 },
                        "end": { "line": 301, "column": 8 }
                    }
                ]
            },
            "18": {
                "line": 320,
                "type": "if",
                "locations": [
                    {
                        "start": { "line": 320, "column": 8 },
                        "end": { "line": 320, "column": 8 }
                    },
                    {
                        "start": { "line": 320, "column": 8 },
                        "end": { "line": 320, "column": 8 }
                    }
                ]
            },
            "19": {
                "line": 325,
                "type": "if",
                "locations": [
                    {
                        "start": { "line": 325, "column": 8 },
                        "end": { "line": 325, "column": 8 }
                    },
                    {
                        "start": { "line": 325, "column": 8 },
                        "end": { "line": 325, "column": 8 }
                    }
                ]
            },
            "20": {
                "line": 331,
                "type": "if",
                "locations": [
                    {
                        "start": { "line": 331, "column": 8 },
                        "end": { "line": 331, "column": 8 }
                    },
                    {
                        "start": { "line": 331, "column": 8 },
                        "end": { "line": 331, "column": 8 }
                    }
                ]
            },
            "21": {
                "line": 337,
                "type": "if",
                "locations": [
                    {
                        "start": { "line": 337, "column": 8 },
                        "end": { "line": 337, "column": 8 }
                    },
                    {
                        "start": { "line": 337, "column": 8 },
                        "end": { "line": 337, "column": 8 }
                    }
                ]
            },
            "22": {
                "line": 342,
                "type": "if",
                "locations": [
                    {
                        "start": { "line": 342, "column": 8 },
                        "end": { "line": 342, "column": 8 }
                    },
                    {
                        "start": { "line": 342, "column": 8 },
                        "end": { "line": 342, "column": 8 }
                    }
                ]
            },
            "23": {
                "line": 348,
                "type": "if",
                "locations": [
                    {
                        "start": { "line": 348, "column": 8 },
                        "end": { "line": 348, "column": 8 }
                    },
                    {
                        "start": { "line": 348, "column": 8 },
                        "end": { "line": 348, "column": 8 }
                    }
                ]
            },
            "24": {
                "line": 363,
                "type": "if",
                "locations": [
                    {
                        "start": { "line": 363, "column": 8 },
                        "end": { "line": 363, "column": 8 }
                    },
                    {
                        "start": { "line": 363, "column": 8 },
                        "end": { "line": 363, "column": 8 }
                    }
                ]
            },
            "25": {
                "line": 371,
                "type": "if",
                "locations": [
                    {
                        "start": { "line": 371, "column": 8 },
                        "end": { "line": 371, "column": 8 }
                    },
                    {
                        "start": { "line": 371, "column": 8 },
                        "end": { "line": 371, "column": 8 }
                    }
                ]
            },
            "26": {
                "line": 387,
                "type": "if",
                "locations": [
                    {
                        "start": { "line": 387, "column": 2 },
                        "end": { "line": 387, "column": 2 }
                    },
                    {
                        "start": { "line": 387, "column": 2 },
                        "end": { "line": 387, "column": 2 }
                    }
                ]
            },
            "27": {
                "line": 490,
                "type": "if",
                "locations": [
                    {
                        "start": { "line": 490, "column": 8 },
                        "end": { "line": 490, "column": 8 }
                    },
                    {
                        "start": { "line": 490, "column": 8 },
                        "end": { "line": 490, "column": 8 }
                    }
                ]
            },
            "28": {
                "line": 491,
                "type": "if",
                "locations": [
                    {
                        "start": { "line": 491, "column": 8 },
                        "end": { "line": 491, "column": 8 }
                    },
                    {
                        "start": { "line": 491, "column": 8 },
                        "end": { "line": 491, "column": 8 }
                    }
                ]
            },
            "29": {
                "line": 509,
                "type": "if",
                "locations": [
                    {
                        "start": { "line": 509, "column": 8 },
                        "end": { "line": 509, "column": 8 }
                    },
                    {
                        "start": { "line": 509, "column": 8 },
                        "end": { "line": 509, "column": 8 }
                    }
                ]
            },
            "30": {
                "line": 521,
                "type": "if",
                "locations": [
                    {
                        "start": { "line": 521, "column": 8 },
                        "end": { "line": 521, "column": 8 }
                    },
                    {
                        "start": { "line": 521, "column": 8 },
                        "end": { "line": 521, "column": 8 }
                    }
                ]
            },
            "31": {
                "line": 571,
                "type": "if",
                "locations": [
                    {
                        "start": { "line": 571, "column": 8 },
                        "end": { "line": 571, "column": 8 }
                    },
                    {
                        "start": { "line": 571, "column": 8 },
                        "end": { "line": 571, "column": 8 }
                    }
                ]
            },
            "32": {
                "line": 573,
                "type": "if",
                "locations": [
                    {
                        "start": { "line": 573, "column": 12 },
                        "end": { "line": 573, "column": 12 }
                    },
                    {
                        "start": { "line": 573, "column": 12 },
                        "end": { "line": 573, "column": 12 }
                    }
                ]
            },
            "33": {
                "line": 574,
                "type": "if",
                "locations": [
                    {
                        "start": { "line": 574, "column": 16 },
                        "end": { "line": 574, "column": 16 }
                    },
                    {
                        "start": { "line": 574, "column": 16 },
                        "end": { "line": 574, "column": 16 }
                    }
                ]
            },
            "34": {
                "line": 583,
                "type": "if",
                "locations": [
                    {
                        "start": { "line": 583, "column": 8 },
                        "end": { "line": 583, "column": 8 }
                    },
                    {
                        "start": { "line": 583, "column": 8 },
                        "end": { "line": 583, "column": 8 }
                    }
                ]
            },
            "35": {
                "line": 611,
                "type": "if",
                "locations": [
                    {
                        "start": { "line": 611, "column": 8 },
                        "end": { "line": 611, "column": 8 }
                    },
                    {
                        "start": { "line": 611, "column": 8 },
                        "end": { "line": 611, "column": 8 }
                    }
                ]
            },
            "36": {
                "line": 627,
                "type": "if",
                "locations": [
                    {
                        "start": { "line": 627, "column": 8 },
                        "end": { "line": 627, "column": 8 }
                    },
                    {
                        "start": { "line": 627, "column": 8 },
                        "end": { "line": 627, "column": 8 }
                    }
                ]
            }
        }
    },
    "contracts/amm/MiltonLPUtilizationStrategyCollateral.sol": {
        "l": { "19": 225, "27": 126, "30": 126, "34": 126, "35": 126, "43": 0 },
        "path": "/home/mario/IPOR/repo/ipor-protocol/contracts/amm/MiltonLPUtilizationStrategyCollateral.sol",
        "s": { "1": 225, "2": 126, "3": 126, "4": 126, "5": 126, "6": 0 },
        "b": { "1": [126, 0] },
        "f": { "1": 225, "2": 126 },
        "fnMap": {
            "1": {
                "name": "initialize",
                "line": 18,
                "loc": {
                    "start": { "line": 18, "column": 4 },
                    "end": { "line": 20, "column": 4 }
                }
            },
            "2": {
                "name": "calculateTotalUtilizationRate",
                "line": 22,
                "loc": {
                    "start": { "line": 22, "column": 4 },
                    "end": { "line": 45, "column": 4 }
                }
            }
        },
        "statementMap": {
            "1": {
                "start": { "line": 19, "column": 8 },
                "end": { "line": 19, "column": 51 }
            },
            "2": {
                "start": { "line": 27, "column": 8 },
                "end": { "line": 27, "column": 1039 }
            },
            "3": {
                "start": { "line": 30, "column": 8 },
                "end": { "line": 30, "column": 1154 }
            },
            "4": {
                "start": { "line": 34, "column": 8 },
                "end": { "line": 34, "column": 1263 }
            },
            "5": {
                "start": { "line": 35, "column": 12 },
                "end": { "line": 35, "column": 1333 }
            },
            "6": {
                "start": { "line": 43, "column": 12 },
                "end": { "line": 43, "column": 38 }
            }
        },
        "branchMap": {
            "1": {
                "line": 34,
                "type": "if",
                "locations": [
                    {
                        "start": { "line": 34, "column": 8 },
                        "end": { "line": 34, "column": 8 }
                    },
                    {
                        "start": { "line": 34, "column": 8 },
                        "end": { "line": 34, "column": 8 }
                    }
                ]
            }
        }
    },
    "contracts/amm/MiltonSpreadModel.sol": {
        "l": {
            "26": 21,
            "35": 94,
            "36": 94,
            "40": 94,
            "45": 94,
            "48": 94,
            "52": 94,
            "60": 94,
            "81": 30,
            "82": 30,
            "86": 30,
            "91": 30,
            "94": 30,
            "98": 30,
            "106": 30,
            "131": 109,
            "135": 108,
            "149": 108,
            "163": 45,
            "167": 44,
            "181": 44,
            "192": 118,
            "202": 118,
            "203": 113,
            "204": 12,
            "209": 12,
            "210": 10,
            "220": 2,
            "223": 101,
            "230": 5,
            "239": 116,
            "240": 8,
            "242": 108,
            "249": 108,
            "250": 11,
            "256": 97,
            "267": 108,
            "268": 1,
            "270": 107,
            "273": 107,
            "274": 2,
            "276": 105,
            "291": 118,
            "297": 118,
            "304": 118,
            "309": 118,
            "320": 54,
            "329": 54,
            "330": 49,
            "331": 12,
            "336": 12,
            "337": 10,
            "347": 2,
            "350": 37,
            "357": 5,
            "366": 52,
            "368": 52,
            "369": 8,
            "371": 44,
            "377": 44,
            "378": 12,
            "384": 32,
            "395": 44,
            "396": 10,
            "398": 34,
            "401": 34,
            "402": 1,
            "404": 33,
            "418": 54,
            "424": 54,
            "431": 54,
            "436": 54
        },
        "path": "/home/mario/IPOR/repo/ipor-protocol/contracts/amm/MiltonSpreadModel.sol",
        "s": {
            "1": 21,
            "2": 94,
            "3": 94,
            "4": 94,
            "5": 94,
            "6": 94,
            "7": 94,
            "8": 94,
            "9": 30,
            "10": 30,
            "11": 30,
            "12": 30,
            "13": 30,
            "14": 30,
            "15": 30,
            "16": 109,
            "17": 108,
            "18": 108,
            "19": 45,
            "20": 44,
            "21": 44,
            "22": 118,
            "23": 118,
            "24": 113,
            "25": 12,
            "26": 12,
            "27": 10,
            "28": 2,
            "29": 101,
            "30": 5,
            "31": 116,
            "32": 8,
            "33": 108,
            "34": 108,
            "35": 11,
            "36": 97,
            "37": 108,
            "38": 1,
            "39": 107,
            "40": 107,
            "41": 2,
            "42": 105,
            "43": 118,
            "44": 118,
            "45": 118,
            "46": 118,
            "47": 54,
            "48": 54,
            "49": 49,
            "50": 12,
            "51": 12,
            "52": 10,
            "53": 2,
            "54": 37,
            "55": 5,
            "56": 52,
            "57": 52,
            "58": 8,
            "59": 44,
            "60": 44,
            "61": 12,
            "62": 32,
            "63": 44,
            "64": 10,
            "65": 34,
            "66": 34,
            "67": 1,
            "68": 33,
            "69": 54,
            "70": 54,
            "71": 54,
            "72": 54
        },
        "b": {
            "1": [108, 1],
            "2": [44, 1],
            "3": [113, 5],
            "4": [12, 101],
            "5": [10, 2],
            "6": [8, 108],
            "7": [11, 97],
            "8": [1, 107],
            "9": [2, 105],
            "10": [49, 5],
            "11": [12, 37],
            "12": [10, 2],
            "13": [8, 44],
            "14": [12, 32],
            "15": [10, 34],
            "16": [1, 33]
        },
        "f": {
            "1": 21,
            "2": 94,
            "3": 30,
            "4": 109,
            "5": 45,
            "6": 118,
            "7": 116,
            "8": 108,
            "9": 118,
            "10": 54,
            "11": 52,
            "12": 44,
            "13": 54
        },
        "fnMap": {
            "1": {
                "name": "constructor",
                "line": 25,
                "loc": {
                    "start": { "line": 25, "column": 4 },
                    "end": { "line": 27, "column": 4 }
                }
            },
            "2": {
                "name": "calculateSpreadPayFixed",
                "line": 29,
                "loc": {
                    "start": { "line": 29, "column": 4 },
                    "end": { "line": 72, "column": 4 }
                }
            },
            "3": {
                "name": "calculateSpreadRecFixed",
                "line": 74,
                "loc": {
                    "start": { "line": 74, "column": 4 },
                    "end": { "line": 118, "column": 1 }
                }
            },
            "4": {
                "name": "_calculateSpreadPayFixed",
                "line": 120,
                "loc": {
                    "start": { "line": 120, "column": 4 },
                    "end": { "line": 150, "column": 4 }
                }
            },
            "5": {
                "name": "_calculateSpreadRecFixed",
                "line": 152,
                "loc": {
                    "start": { "line": 152, "column": 4 },
                    "end": { "line": 182, "column": 4 }
                }
            },
            "6": {
                "name": "_calculateDemandComponentPayFixed",
                "line": 184,
                "loc": {
                    "start": { "line": 184, "column": 4 },
                    "end": { "line": 232, "column": 4 }
                }
            },
            "7": {
                "name": "_calculateAtParComponentPayFixed",
                "line": 234,
                "loc": {
                    "start": { "line": 234, "column": 4 },
                    "end": { "line": 259, "column": 4 }
                }
            },
            "8": {
                "name": "_calculateHistoricalDeviationPayFixed",
                "line": 261,
                "loc": {
                    "start": { "line": 261, "column": 4 },
                    "end": { "line": 280, "column": 4 }
                }
            },
            "9": {
                "name": "_calculateAdjustedUtilizationRatePayFixed",
                "line": 283,
                "loc": {
                    "start": { "line": 283, "column": 4 },
                    "end": { "line": 310, "column": 4 }
                }
            },
            "10": {
                "name": "_calculateDemandComponentRecFixed",
                "line": 312,
                "loc": {
                    "start": { "line": 312, "column": 4 },
                    "end": { "line": 359, "column": 4 }
                }
            },
            "11": {
                "name": "_calculateAtParComponentRecFixed",
                "line": 361,
                "loc": {
                    "start": { "line": 361, "column": 4 },
                    "end": { "line": 387, "column": 4 }
                }
            },
            "12": {
                "name": "_calculateHistoricalDeviationRecFixed",
                "line": 389,
                "loc": {
                    "start": { "line": 389, "column": 4 },
                    "end": { "line": 408, "column": 4 }
                }
            },
            "13": {
                "name": "_calculateAdjustedUtilizationRateRecFixed",
                "line": 410,
                "loc": {
                    "start": { "line": 410, "column": 4 },
                    "end": { "line": 437, "column": 4 }
                }
            }
        },
        "statementMap": {
            "1": {
                "start": { "line": 26, "column": 8 },
                "end": { "line": 26, "column": 65 }
            },
            "2": {
                "start": { "line": 35, "column": 8 },
                "end": { "line": 35, "column": 64 }
            },
            "3": {
                "start": { "line": 36, "column": 8 },
                "end": { "line": 36, "column": 1245 }
            },
            "4": {
                "start": { "line": 40, "column": 8 },
                "end": { "line": 40, "column": 1362 }
            },
            "5": {
                "start": { "line": 45, "column": 8 },
                "end": { "line": 45, "column": 1552 }
            },
            "6": {
                "start": { "line": 48, "column": 8 },
                "end": { "line": 48, "column": 1609 }
            },
            "7": {
                "start": { "line": 52, "column": 8 },
                "end": { "line": 52, "column": 1744 }
            },
            "8": {
                "start": { "line": 60, "column": 8 },
                "end": { "line": 60, "column": 1922 }
            },
            "9": {
                "start": { "line": 81, "column": 2 },
                "end": { "line": 81, "column": 58 }
            },
            "10": {
                "start": { "line": 82, "column": 8 },
                "end": { "line": 82, "column": 2641 }
            },
            "11": {
                "start": { "line": 86, "column": 8 },
                "end": { "line": 86, "column": 2758 }
            },
            "12": {
                "start": { "line": 91, "column": 8 },
                "end": { "line": 91, "column": 2948 }
            },
            "13": {
                "start": { "line": 94, "column": 8 },
                "end": { "line": 94, "column": 3005 }
            },
            "14": {
                "start": { "line": 98, "column": 8 },
                "end": { "line": 98, "column": 3140 }
            },
            "15": {
                "start": { "line": 106, "column": 8 },
                "end": { "line": 106, "column": 3318 }
            },
            "16": {
                "start": { "line": 131, "column": 8 },
                "end": { "line": 131, "column": 4167 }
            },
            "17": {
                "start": { "line": 135, "column": 8 },
                "end": { "line": 135, "column": 4333 }
            },
            "18": {
                "start": { "line": 149, "column": 8 },
                "end": { "line": 149, "column": 60 }
            },
            "19": {
                "start": { "line": 163, "column": 8 },
                "end": { "line": 163, "column": 5273 }
            },
            "20": {
                "start": { "line": 167, "column": 8 },
                "end": { "line": 167, "column": 5439 }
            },
            "21": {
                "start": { "line": 181, "column": 8 },
                "end": { "line": 181, "column": 60 }
            },
            "22": {
                "start": { "line": 192, "column": 8 },
                "end": { "line": 192, "column": 6264 }
            },
            "23": {
                "start": { "line": 202, "column": 8 },
                "end": { "line": 202, "column": 6644 }
            },
            "24": {
                "start": { "line": 203, "column": 12 },
                "end": { "line": 203, "column": 6685 }
            },
            "25": {
                "start": { "line": 204, "column": 16 },
                "end": { "line": 204, "column": 6734 }
            },
            "26": {
                "start": { "line": 209, "column": 16 },
                "end": { "line": 209, "column": 6941 }
            },
            "27": {
                "start": { "line": 210, "column": 20 },
                "end": { "line": 210, "column": 6999 }
            },
            "28": {
                "start": { "line": 220, "column": 20 },
                "end": { "line": 220, "column": 36 }
            },
            "29": {
                "start": { "line": 223, "column": 16 },
                "end": { "line": 223, "column": 7519 }
            },
            "30": {
                "start": { "line": 230, "column": 12 },
                "end": { "line": 230, "column": 28 }
            },
            "31": {
                "start": { "line": 239, "column": 8 },
                "end": { "line": 239, "column": 7974 }
            },
            "32": {
                "start": { "line": 240, "column": 12 },
                "end": { "line": 240, "column": 28 }
            },
            "33": {
                "start": { "line": 242, "column": 12 },
                "end": { "line": 242, "column": 8096 }
            },
            "34": {
                "start": { "line": 249, "column": 12 },
                "end": { "line": 249, "column": 8335 }
            },
            "35": {
                "start": { "line": 250, "column": 16 },
                "end": { "line": 250, "column": 8421 }
            },
            "36": {
                "start": { "line": 256, "column": 16 },
                "end": { "line": 256, "column": 32 }
            },
            "37": {
                "start": { "line": 267, "column": 8 },
                "end": { "line": 267, "column": 8930 }
            },
            "38": {
                "start": { "line": 268, "column": 12 },
                "end": { "line": 268, "column": 20 }
            },
            "39": {
                "start": { "line": 270, "column": 12 },
                "end": { "line": 270, "column": 9035 }
            },
            "40": {
                "start": { "line": 273, "column": 12 },
                "end": { "line": 273, "column": 9171 }
            },
            "41": {
                "start": { "line": 274, "column": 16 },
                "end": { "line": 274, "column": 37 }
            },
            "42": {
                "start": { "line": 276, "column": 16 },
                "end": { "line": 276, "column": 9341 }
            },
            "43": {
                "start": { "line": 291, "column": 8 },
                "end": { "line": 291, "column": 9736 }
            },
            "44": {
                "start": { "line": 297, "column": 8 },
                "end": { "line": 297, "column": 9948 }
            },
            "45": {
                "start": { "line": 304, "column": 8 },
                "end": { "line": 304, "column": 10200 }
            },
            "46": {
                "start": { "line": 309, "column": 8 },
                "end": { "line": 309, "column": 38 }
            },
            "47": {
                "start": { "line": 320, "column": 8 },
                "end": { "line": 320, "column": 10754 }
            },
            "48": {
                "start": { "line": 329, "column": 8 },
                "end": { "line": 329, "column": 11133 }
            },
            "49": {
                "start": { "line": 330, "column": 12 },
                "end": { "line": 330, "column": 11174 }
            },
            "50": {
                "start": { "line": 331, "column": 16 },
                "end": { "line": 331, "column": 11223 }
            },
            "51": {
                "start": { "line": 336, "column": 16 },
                "end": { "line": 336, "column": 11430 }
            },
            "52": {
                "start": { "line": 337, "column": 20 },
                "end": { "line": 337, "column": 11488 }
            },
            "53": {
                "start": { "line": 347, "column": 20 },
                "end": { "line": 347, "column": 36 }
            },
            "54": {
                "start": { "line": 350, "column": 16 },
                "end": { "line": 350, "column": 12008 }
            },
            "55": {
                "start": { "line": 357, "column": 12 },
                "end": { "line": 357, "column": 28 }
            },
            "56": {
                "start": { "line": 366, "column": 8 },
                "end": { "line": 366, "column": 42 }
            },
            "57": {
                "start": { "line": 368, "column": 8 },
                "end": { "line": 368, "column": 12508 }
            },
            "58": {
                "start": { "line": 369, "column": 12 },
                "end": { "line": 369, "column": 33 }
            },
            "59": {
                "start": { "line": 371, "column": 12 },
                "end": { "line": 371, "column": 12635 }
            },
            "60": {
                "start": { "line": 377, "column": 12 },
                "end": { "line": 377, "column": 12878 }
            },
            "61": {
                "start": { "line": 378, "column": 16 },
                "end": { "line": 378, "column": 12964 }
            },
            "62": {
                "start": { "line": 384, "column": 16 },
                "end": { "line": 384, "column": 32 }
            },
            "63": {
                "start": { "line": 395, "column": 8 },
                "end": { "line": 395, "column": 13473 }
            },
            "64": {
                "start": { "line": 396, "column": 12 },
                "end": { "line": 396, "column": 20 }
            },
            "65": {
                "start": { "line": 398, "column": 12 },
                "end": { "line": 398, "column": 13578 }
            },
            "66": {
                "start": { "line": 401, "column": 12 },
                "end": { "line": 401, "column": 13714 }
            },
            "67": {
                "start": { "line": 402, "column": 16 },
                "end": { "line": 402, "column": 37 }
            },
            "68": {
                "start": { "line": 404, "column": 16 },
                "end": { "line": 404, "column": 13884 }
            },
            "69": {
                "start": { "line": 418, "column": 8 },
                "end": { "line": 418, "column": 14256 }
            },
            "70": {
                "start": { "line": 424, "column": 8 },
                "end": { "line": 424, "column": 14468 }
            },
            "71": {
                "start": { "line": 431, "column": 8 },
                "end": { "line": 431, "column": 14720 }
            },
            "72": {
                "start": { "line": 436, "column": 8 },
                "end": { "line": 436, "column": 38 }
            }
        },
        "branchMap": {
            "1": {
                "line": 131,
                "type": "if",
                "locations": [
                    {
                        "start": { "line": 131, "column": 8 },
                        "end": { "line": 131, "column": 8 }
                    },
                    {
                        "start": { "line": 131, "column": 8 },
                        "end": { "line": 131, "column": 8 }
                    }
                ]
            },
            "2": {
                "line": 163,
                "type": "if",
                "locations": [
                    {
                        "start": { "line": 163, "column": 8 },
                        "end": { "line": 163, "column": 8 }
                    },
                    {
                        "start": { "line": 163, "column": 8 },
                        "end": { "line": 163, "column": 8 }
                    }
                ]
            },
            "3": {
                "line": 202,
                "type": "if",
                "locations": [
                    {
                        "start": { "line": 202, "column": 8 },
                        "end": { "line": 202, "column": 8 }
                    },
                    {
                        "start": { "line": 202, "column": 8 },
                        "end": { "line": 202, "column": 8 }
                    }
                ]
            },
            "4": {
                "line": 203,
                "type": "if",
                "locations": [
                    {
                        "start": { "line": 203, "column": 12 },
                        "end": { "line": 203, "column": 12 }
                    },
                    {
                        "start": { "line": 203, "column": 12 },
                        "end": { "line": 203, "column": 12 }
                    }
                ]
            },
            "5": {
                "line": 209,
                "type": "if",
                "locations": [
                    {
                        "start": { "line": 209, "column": 16 },
                        "end": { "line": 209, "column": 16 }
                    },
                    {
                        "start": { "line": 209, "column": 16 },
                        "end": { "line": 209, "column": 16 }
                    }
                ]
            },
            "6": {
                "line": 239,
                "type": "if",
                "locations": [
                    {
                        "start": { "line": 239, "column": 8 },
                        "end": { "line": 239, "column": 8 }
                    },
                    {
                        "start": { "line": 239, "column": 8 },
                        "end": { "line": 239, "column": 8 }
                    }
                ]
            },
            "7": {
                "line": 249,
                "type": "if",
                "locations": [
                    {
                        "start": { "line": 249, "column": 12 },
                        "end": { "line": 249, "column": 12 }
                    },
                    {
                        "start": { "line": 249, "column": 12 },
                        "end": { "line": 249, "column": 12 }
                    }
                ]
            },
            "8": {
                "line": 267,
                "type": "if",
                "locations": [
                    {
                        "start": { "line": 267, "column": 8 },
                        "end": { "line": 267, "column": 8 }
                    },
                    {
                        "start": { "line": 267, "column": 8 },
                        "end": { "line": 267, "column": 8 }
                    }
                ]
            },
            "9": {
                "line": 273,
                "type": "if",
                "locations": [
                    {
                        "start": { "line": 273, "column": 12 },
                        "end": { "line": 273, "column": 12 }
                    },
                    {
                        "start": { "line": 273, "column": 12 },
                        "end": { "line": 273, "column": 12 }
                    }
                ]
            },
            "10": {
                "line": 329,
                "type": "if",
                "locations": [
                    {
                        "start": { "line": 329, "column": 8 },
                        "end": { "line": 329, "column": 8 }
                    },
                    {
                        "start": { "line": 329, "column": 8 },
                        "end": { "line": 329, "column": 8 }
                    }
                ]
            },
            "11": {
                "line": 330,
                "type": "if",
                "locations": [
                    {
                        "start": { "line": 330, "column": 12 },
                        "end": { "line": 330, "column": 12 }
                    },
                    {
                        "start": { "line": 330, "column": 12 },
                        "end": { "line": 330, "column": 12 }
                    }
                ]
            },
            "12": {
                "line": 336,
                "type": "if",
                "locations": [
                    {
                        "start": { "line": 336, "column": 16 },
                        "end": { "line": 336, "column": 16 }
                    },
                    {
                        "start": { "line": 336, "column": 16 },
                        "end": { "line": 336, "column": 16 }
                    }
                ]
            },
            "13": {
                "line": 368,
                "type": "if",
                "locations": [
                    {
                        "start": { "line": 368, "column": 8 },
                        "end": { "line": 368, "column": 8 }
                    },
                    {
                        "start": { "line": 368, "column": 8 },
                        "end": { "line": 368, "column": 8 }
                    }
                ]
            },
            "14": {
                "line": 377,
                "type": "if",
                "locations": [
                    {
                        "start": { "line": 377, "column": 12 },
                        "end": { "line": 377, "column": 12 }
                    },
                    {
                        "start": { "line": 377, "column": 12 },
                        "end": { "line": 377, "column": 12 }
                    }
                ]
            },
            "15": {
                "line": 395,
                "type": "if",
                "locations": [
                    {
                        "start": { "line": 395, "column": 8 },
                        "end": { "line": 395, "column": 8 }
                    },
                    {
                        "start": { "line": 395, "column": 8 },
                        "end": { "line": 395, "column": 8 }
                    }
                ]
            },
            "16": {
                "line": 401,
                "type": "if",
                "locations": [
                    {
                        "start": { "line": 401, "column": 12 },
                        "end": { "line": 401, "column": 12 }
                    },
                    {
                        "start": { "line": 401, "column": 12 },
                        "end": { "line": 401, "column": 12 }
                    }
                ]
            }
        }
    },
    "contracts/amm/MiltonSpreadModelCore.sol": {
        "l": {
            "22": 24,
            "23": 24,
            "29": 0,
            "38": 172,
            "41": 133,
            "44": 39,
            "65": 172,
            "78": 172
        },
        "path": "/home/mario/IPOR/repo/ipor-protocol/contracts/amm/MiltonSpreadModelCore.sol",
        "s": {
            "1": 24,
            "2": 24,
            "3": 0,
            "4": 172,
            "5": 133,
            "6": 39,
            "7": 172,
            "8": 172
        },
        "b": { "1": [24, 0], "2": [133, 39] },
        "f": { "1": 24, "2": 172, "3": 172, "4": 172 },
        "fnMap": {
            "1": {
                "name": "_calculateSoapPlus",
                "line": 17,
                "loc": {
                    "start": { "line": 17, "column": 1 },
                    "end": { "line": 31, "column": 4 }
                }
            },
            "2": {
                "name": "_calculateImbalanceFactorWithLambda",
                "line": 33,
                "loc": {
                    "start": { "line": 33, "column": 1 },
                    "end": { "line": 56, "column": 4 }
                }
            },
            "3": {
                "name": "_calculateUtilizationRateWithPosition",
                "line": 59,
                "loc": {
                    "start": { "line": 59, "column": 4 },
                    "end": { "line": 70, "column": 4 }
                }
            },
            "4": {
                "name": "_calculateUtilizationRateWithoutPosition",
                "line": 73,
                "loc": {
                    "start": { "line": 73, "column": 4 },
                    "end": { "line": 83, "column": 4 }
                }
            }
        },
        "statementMap": {
            "1": {
                "start": { "line": 22, "column": 8 },
                "end": { "line": 22, "column": 694 }
            },
            "2": {
                "start": { "line": 23, "column": 12 },
                "end": { "line": 23, "column": 731 }
            },
            "3": {
                "start": { "line": 29, "column": 12 },
                "end": { "line": 29, "column": 20 }
            },
            "4": {
                "start": { "line": 38, "column": 8 },
                "end": { "line": 38, "column": 1145 }
            },
            "5": {
                "start": { "line": 41, "column": 12 },
                "end": { "line": 41, "column": 65 }
            },
            "6": {
                "start": { "line": 44, "column": 13 },
                "end": { "line": 44, "column": 1465 }
            },
            "7": {
                "start": { "line": 65, "column": 8 },
                "end": { "line": 65, "column": 2177 }
            },
            "8": {
                "start": { "line": 78, "column": 8 },
                "end": { "line": 78, "column": 2596 }
            }
        },
        "branchMap": {
            "1": {
                "line": 22,
                "type": "if",
                "locations": [
                    {
                        "start": { "line": 22, "column": 8 },
                        "end": { "line": 22, "column": 8 }
                    },
                    {
                        "start": { "line": 22, "column": 8 },
                        "end": { "line": 22, "column": 8 }
                    }
                ]
            },
            "2": {
                "line": 38,
                "type": "if",
                "locations": [
                    {
                        "start": { "line": 38, "column": 8 },
                        "end": { "line": 38, "column": 8 }
                    },
                    {
                        "start": { "line": 38, "column": 8 },
                        "end": { "line": 38, "column": 8 }
                    }
                ]
            }
        }
    },
    "contracts/amm/MiltonStorage.sol": {
        "l": {
            "36": 225,
            "41": 271,
            "46": 271,
            "74": 425,
            "83": 0,
            "86": 0,
            "87": 0,
            "91": 124,
            "99": 130,
            "100": 130,
            "110": 17,
            "121": 84,
            "128": 1,
            "136": 125,
            "137": 125,
            "143": 125,
            "152": 71,
            "153": 71,
            "159": 66,
            "171": 52,
            "180": 0,
            "189": 7,
            "198": 13,
            "214": 354,
            "220": 354,
            "249": 354,
            "251": 354,
            "260": 125,
            "264": 125,
            "268": 95,
            "272": 30,
            "277": 125,
            "280": 125,
            "283": 125,
            "287": 125,
            "289": 125,
            "296": 125,
            "299": 125,
            "312": 125,
            "316": 125,
            "325": 71,
            "328": 71,
            "334": 71,
            "338": 71,
            "342": 46,
            "349": 25,
            "354": 71,
            "356": 48,
            "357": 10,
            "365": 67,
            "374": 67,
            "378": 67,
            "379": 33,
            "385": 32,
            "389": 34,
            "399": 125,
            "400": 125,
            "401": 125,
            "404": 125,
            "405": 125,
            "406": 125,
            "412": 71,
            "416": 71,
            "420": 71,
            "422": 71,
            "423": 8,
            "426": 8,
            "429": 8,
            "432": 71,
            "434": 71,
            "436": 71,
            "440": 6,
            "444": 6,
            "448": 6,
            "453": 71,
            "456": 71,
            "457": 71,
            "463": 125,
            "474": 125,
            "484": 125,
            "488": 125,
            "496": 125,
            "497": 125,
            "498": 125,
            "499": 125,
            "500": 125,
            "501": 125,
            "502": 125,
            "504": 125,
            "505": 125,
            "506": 125,
            "507": 125,
            "508": 125,
            "509": 125,
            "510": 125,
            "519": 66,
            "530": 66,
            "540": 66,
            "544": 66,
            "553": 66,
            "554": 66,
            "555": 66,
            "556": 66,
            "557": 66,
            "558": 66,
            "559": 66,
            "561": 66,
            "562": 66,
            "563": 66,
            "564": 66,
            "565": 66,
            "566": 66,
            "567": 66,
            "574": 199,
            "578": 197,
            "582": 147,
            "586": 147
        },
        "path": "/home/mario/IPOR/repo/ipor-protocol/contracts/amm/MiltonStorage.sol",
        "s": {
            "1": 225,
            "2": 271,
            "3": 271,
            "4": 425,
            "5": 0,
            "6": 0,
            "7": 0,
            "8": 124,
            "9": 130,
            "10": 130,
            "11": 17,
            "12": 84,
            "13": 1,
            "14": 125,
            "15": 125,
            "16": 125,
            "17": 71,
            "18": 71,
            "19": 66,
            "20": 52,
            "21": 0,
            "22": 7,
            "23": 13,
            "24": 354,
[...]
                        "start": { "line": 97, "column": 12 },
                        "end": { "line": 97, "column": 12 }
                    }
                ]
            },
            "5": {
                "line": 109,
                "type": "if",
                "locations": [
                    {
                        "start": { "line": 109, "column": 8 },
                        "end": { "line": 109, "column": 8 }
                    },
                    {
                        "start": { "line": 109, "column": 8 },
                        "end": { "line": 109, "column": 8 }
                    }
                ]
            },
            "6": {
                "line": 112,
                "type": "if",
                "locations": [
                    {
                        "start": { "line": 112, "column": 12 },
                        "end": { "line": 112, "column": 12 }
                    },
                    {
                        "start": { "line": 112, "column": 12 },
                        "end": { "line": 112, "column": 12 }
                    }
                ]
            },
            "7": {
                "line": 116,
                "type": "if",
                "locations": [
                    {
                        "start": { "line": 116, "column": 8 },
                        "end": { "line": 116, "column": 8 }
                    },
                    {
                        "start": { "line": 116, "column": 8 },
                        "end": { "line": 116, "column": 8 }
                    }
                ]
            },
            "8": {
                "line": 133,
                "type": "if",
                "locations": [
                    {
                        "start": { "line": 133, "column": 12 },
                        "end": { "line": 133, "column": 12 }
                    },
                    {
                        "start": { "line": 133, "column": 12 },
                        "end": { "line": 133, "column": 12 }
                    }
                ]
            },
            "9": {
                "line": 145,
                "type": "if",
                "locations": [
                    {
                        "start": { "line": 145, "column": 8 },
                        "end": { "line": 145, "column": 8 }
                    },
                    {
                        "start": { "line": 145, "column": 8 },
                        "end": { "line": 145, "column": 8 }
                    }
                ]
            },
            "10": {
                "line": 193,
                "type": "if",
                "locations": [
                    {
                        "start": { "line": 193, "column": 12 },
                        "end": { "line": 193, "column": 12 }
                    },
                    {
                        "start": { "line": 193, "column": 12 },
                        "end": { "line": 193, "column": 12 }
                    }
                ]
            },
            "11": {
                "line": 198,
                "type": "if",
                "locations": [
                    {
                        "start": { "line": 198, "column": 8 },
                        "end": { "line": 198, "column": 8 }
                    },
                    {
                        "start": { "line": 198, "column": 8 },
                        "end": { "line": 198, "column": 8 }
                    }
                ]
            }
        }
    },
    "contracts/tokenization/IpToken.sol": {
        "l": {
            "20": 145,
            "25": 143,
            "33": 933,
            "34": 933,
            "35": 933,
            "43": 271,
            "47": 1,
            "51": 131,
            "52": 131,
            "53": 131,
            "54": 131,
            "62": 12,
            "63": 12,
            "65": 12,
            "66": 12,
            "75": 1
        },
        "path": "/home/mario/IPOR/repo/ipor-protocol/contracts/tokenization/IpToken.sol",
        "s": {
            "1": 145,
            "2": 933,
            "3": 933,
            "4": 933,
            "5": 271,
            "6": 1,
            "7": 131,
            "8": 131,
            "9": 131,
            "10": 131,
            "11": 12,
            "12": 12,
            "13": 12,
            "14": 12,
            "15": 1
        },
        "b": { "1": [143, 2], "2": [933, 0], "3": [131, 0], "4": [12, 0] },
        "f": {
            "1": 145,
            "2": 933,
            "3": 271,
            "4": 1,
            "5": 131,
            "6": 12,
            "7": 1
        },
        "fnMap": {
            "1": {
                "name": "onlyJoseph",
                "line": 19,
                "loc": {
                    "start": { "line": 19, "column": 4 },
                    "end": { "line": 26, "column": 4 }
                }
            },
            "2": {
                "name": "constructor",
                "line": 32,
                "loc": {
                    "start": { "line": 28, "column": 4 },
                    "end": { "line": 36, "column": 4 }
                }
            },
            "3": {
                "name": "initialize",
                "line": 41,
                "loc": {
                    "start": { "line": 39, "column": 4 },
                    "end": { "line": 44, "column": 4 }
                }
            },
            "4": {
                "name": "decimals",
                "line": 46,
                "loc": {
                    "start": { "line": 46, "column": 4 },
                    "end": { "line": 48, "column": 4 }
                }
            },
            "5": {
                "name": "mint",
                "line": 50,
                "loc": {
                    "start": { "line": 50, "column": 4 },
                    "end": { "line": 55, "column": 4 }
                }
            },
            "6": {
                "name": "burn",
                "line": 61,
                "loc": {
                    "start": { "line": 57, "column": 4 },
                    "end": { "line": 67, "column": 4 }
                }
            },
            "7": {
                "name": "getUnderlyingAssetAddress",
                "line": 69,
                "loc": {
                    "start": { "line": 69, "column": 4 },
                    "end": { "line": 76, "column": 4 }
                }
            }
        },
        "statementMap": {
            "1": {
                "start": { "line": 20, "column": 8 },
                "end": { "line": 20, "column": 606 }
            },
            "2": {
                "start": { "line": 33, "column": 8 },
                "end": { "line": 33, "column": 67 }
            },
            "3": {
                "start": { "line": 34, "column": 8 },
                "end": { "line": 34, "column": 41 }
            },
            "4": {
                "start": { "line": 35, "column": 8 },
                "end": { "line": 35, "column": 21 }
            },
            "5": {
                "start": { "line": 43, "column": 8 },
                "end": { "line": 43, "column": 51 }
            },
            "6": {
                "start": { "line": 47, "column": 8 },
                "end": { "line": 47, "column": 24 }
            },
            "7": {
                "start": { "line": 51, "column": 8 },
                "end": { "line": 51, "column": 72 }
            },
            "8": {
                "start": { "line": 52, "column": 8 },
                "end": { "line": 52, "column": 26 }
            },
            "9": {
                "start": { "line": 53, "column": 8 },
                "end": { "line": 53, "column": 47 }
            },
            "10": {
                "start": { "line": 54, "column": 8 },
                "end": { "line": 54, "column": 31 }
            },
            "11": {
                "start": { "line": 62, "column": 8 },
                "end": { "line": 62, "column": 72 }
            },
            "12": {
                "start": { "line": 63, "column": 8 },
                "end": { "line": 63, "column": 26 }
            },
            "13": {
                "start": { "line": 65, "column": 8 },
                "end": { "line": 65, "column": 47 }
            },
            "14": {
                "start": { "line": 66, "column": 8 },
                "end": { "line": 66, "column": 53 }
            },
            "15": {
                "start": { "line": 75, "column": 8 },
                "end": { "line": 75, "column": 31 }
            }
        },
        "branchMap": {
            "1": {
                "line": 20,
                "type": "if",
                "locations": [
                    {
                        "start": { "line": 20, "column": 8 },
                        "end": { "line": 20, "column": 8 }
                    },
                    {
                        "start": { "line": 20, "column": 8 },
                        "end": { "line": 20, "column": 8 }
                    }
                ]
            },
            "2": {
                "line": 33,
                "type": "if",
                "locations": [
                    {
                        "start": { "line": 33, "column": 8 },
                        "end": { "line": 33, "column": 8 }
                    },
                    {
                        "start": { "line": 33, "column": 8 },
                        "end": { "line": 33, "column": 8 }
                    }
                ]
            },
            "3": {
                "line": 51,
                "type": "if",
                "locations": [
                    {
                        "start": { "line": 51, "column": 8 },
                        "end": { "line": 51, "column": 8 }
                    },
                    {
                        "start": { "line": 51, "column": 8 },
                        "end": { "line": 51, "column": 8 }
                    }
                ]
            },
            "4": {
                "line": 62,
                "type": "if",
                "locations": [
                    {
                        "start": { "line": 62, "column": 8 },
                        "end": { "line": 62, "column": 8 }
                    },
                    {
                        "start": { "line": 62, "column": 8 },
                        "end": { "line": 62, "column": 8 }
                    }
                ]
            }
        }
    },
    "contracts/tokenization/Joseph.sol": {
        "l": {
            "31": 7,
            "38": 0,
            "41": 0,
            "50": 0,
            "60": 131,
            "63": 131,
            "65": 130,
            "70": 130,
            "79": 130,
            "85": 130,
            "86": 130,
            "105": 15,
            "109": 15,
            "117": 15,
            "120": 15,
            "122": 14,
            "128": 12,
            "132": 12,
            "137": 12,
            "143": 12,
            "148": 12
        },
        "path": "/home/mario/IPOR/repo/ipor-protocol/contracts/tokenization/Joseph.sol",
        "s": {
            "1": 7,
            "2": 0,
            "3": 0,
            "4": 0,
            "5": 131,
            "6": 131,
            "7": 130,
            "8": 130,
            "9": 130,
            "10": 130,
            "11": 130,
            "12": 15,
            "13": 15,
            "14": 15,
            "15": 15,
            "16": 14,
            "17": 12,
            "18": 12,
            "19": 12,
            "20": 12,
            "21": 12
        },
        "b": {
            "1": [130, 1],
            "2": [130, 0],
            "3": [15, 0],
            "4": [14, 1],
            "5": [12, 2]
        },
        "f": { "1": 7, "2": 0, "3": 0, "4": 131, "5": 15 },
        "fnMap": {
            "1": {
                "name": "initialize",
                "line": 29,
                "loc": {
                    "start": { "line": 27, "column": 4 },
                    "end": { "line": 32, "column": 4 }
                }
            },
            "2": {
                "name": "provideLiquidity",
                "line": 34,
                "loc": {
                    "start": { "line": 34, "column": 4 },
                    "end": { "line": 47, "column": 4 }
                }
            },
            "3": {
                "name": "redeem",
                "line": 49,
                "loc": {
                    "start": { "line": 49, "column": 4 },
                    "end": { "line": 51, "column": 4 }
                }
            },
            "4": {
                "name": "_provideLiquidity",
                "line": 54,
                "loc": {
                    "start": { "line": 54, "column": 4 },
                    "end": { "line": 98, "column": 4 }
                }
            },
            "5": {
                "name": "_redeem",
                "line": 100,
                "loc": {
                    "start": { "line": 100, "column": 4 },
                    "end": { "line": 153, "column": 4 }
                }
            }
        },
        "statementMap": {
            "1": {
                "start": { "line": 31, "column": 8 },
                "end": { "line": 31, "column": 51 }
            },
            "2": {
                "start": { "line": 38, "column": 8 },
                "end": { "line": 38, "column": 1253 }
            },
            "3": {
                "start": { "line": 41, "column": 8 },
                "end": { "line": 41, "column": 1412 }
            },
            "4": {
                "start": { "line": 50, "column": 8 },
                "end": { "line": 50, "column": 53 }
            },
            "5": {
                "start": { "line": 60, "column": 8 },
                "end": { "line": 60, "column": 1982 }
            },
            "6": {
                "start": { "line": 63, "column": 8 },
                "end": { "line": 63, "column": 71 }
            },
            "7": {
                "start": { "line": 65, "column": 8 },
                "end": { "line": 65, "column": 2139 }
            },
            "8": {
                "start": { "line": 70, "column": 8 },
                "end": { "line": 70, "column": 2264 }
            },
            "9": {
                "start": { "line": 79, "column": 8 },
                "end": { "line": 79, "column": 2555 }
            },
            "10": {
                "start": { "line": 85, "column": 8 },
                "end": { "line": 85, "column": 2702 }
            },
            "11": {
                "start": { "line": 86, "column": 12 },
                "end": { "line": 86, "column": 2746 }
            },
            "12": {
                "start": { "line": 105, "column": 8 },
                "end": { "line": 105, "column": 3268 }
            },
            "13": {
                "start": { "line": 109, "column": 8 },
                "end": { "line": 109, "column": 3428 }
            },
            "14": {
                "start": { "line": 117, "column": 8 },
                "end": { "line": 117, "column": 3710 }
            },
            "15": {
                "start": { "line": 120, "column": 8 },
                "end": { "line": 120, "column": 71 }
            },
            "16": {
                "start": { "line": 122, "column": 8 },
                "end": { "line": 122, "column": 3866 }
            },
            "17": {
                "start": { "line": 128, "column": 8 },
                "end": { "line": 128, "column": 4109 }
            },
            "18": {
                "start": { "line": 132, "column": 8 },
                "end": { "line": 132, "column": 4244 }
            },
            "19": {
                "start": { "line": 137, "column": 8 },
                "end": { "line": 137, "column": 4407 }
            },
            "20": {
                "start": { "line": 143, "column": 8 },
                "end": { "line": 143, "column": 4553 }
            },
            "21": {
                "start": { "line": 148, "column": 8 },
                "end": { "line": 148, "column": 4696 }
            }
        },
        "branchMap": {
            "1": {
                "line": 63,
                "type": "if",
                "locations": [
                    {
                        "start": { "line": 63, "column": 8 },
                        "end": { "line": 63, "column": 8 }
                    },
                    {
                        "start": { "line": 63, "column": 8 },
                        "end": { "line": 63, "column": 8 }
                    }
                ]
            },
            "2": {
                "line": 85,
                "type": "if",
                "locations": [
                    {
                        "start": { "line": 85, "column": 8 },
                        "end": { "line": 85, "column": 8 }
                    },
                    {
                        "start": { "line": 85, "column": 8 },
                        "end": { "line": 85, "column": 8 }
                    }
                ]
            },
            "3": {
                "line": 109,
                "type": "if",
                "locations": [
                    {
                        "start": { "line": 109, "column": 8 },
                        "end": { "line": 109, "column": 8 }
                    },
                    {
                        "start": { "line": 109, "column": 8 },
                        "end": { "line": 109, "column": 8 }
                    }
                ]
            },
            "4": {
                "line": 120,
                "type": "if",
                "locations": [
                    {
                        "start": { "line": 120, "column": 8 },
                        "end": { "line": 120, "column": 8 }
                    },
                    {
                        "start": { "line": 120, "column": 8 },
                        "end": { "line": 120, "column": 8 }
                    }
                ]
            },
            "5": {
                "line": 122,
                "type": "if",
                "locations": [
                    {
                        "start": { "line": 122, "column": 8 },
                        "end": { "line": 122, "column": 8 }
                    },
                    {
                        "start": { "line": 122, "column": 8 },
                        "end": { "line": 122, "column": 8 }
                    }
                ]
            }
        }
    },
    "contracts/tokenization/TestJoseph.sol": {
        "l": { "24": 131, "27": 131, "42": 15 },
        "path": "/home/mario/IPOR/repo/ipor-protocol/contracts/tokenization/TestJoseph.sol",
        "s": { "1": 131, "2": 131, "3": 15 },
        "b": {},
        "f": { "1": 131, "2": 15 },
        "fnMap": {
            "1": {
                "name": "test_provideLiquidity",
                "line": 19,
                "loc": {
                    "start": { "line": 19, "column": 4 },
                    "end": { "line": 33, "column": 4 }
                }
            },
            "2": {
                "name": "test_redeem",
                "line": 37,
                "loc": {
                    "start": { "line": 37, "column": 4 },
                    "end": { "line": 43, "column": 4 }
                }
            }
        },
        "statementMap": {
            "1": {
                "start": { "line": 24, "column": 8 },
                "end": { "line": 24, "column": 903 }
            },
            "2": {
                "start": { "line": 27, "column": 8 },
                "end": { "line": 27, "column": 1062 }
            },
            "3": {
                "start": { "line": 42, "column": 8 },
                "end": { "line": 42, "column": 47 }
            }
        },
        "branchMap": {}
    }
}
