{
"contracts/Errors.sol":{"l":{},"path":"/home/mario/IPOR/repo/ipor-protocol/contracts/Errors.sol","s":{},"b":{},"f":{},"fnMap":{},"statementMap":{},"branchMap":{}},
"contracts/oracles/IporOracle.sol":{"l":{"25":3,"34":1,"35":1,"36":2,"43":1,"55":6,"56":6,"58":6,"59":6,"60":3,"64":6,"65":3,"68":6,"69":6,"70":6,"83":2,"84":2,"85":2,"100":5,"101":5,"102":5,"103":3,"106":5,"107":2,"108":2,"118":2,"128":1,"129":1,"130":1,"131":1,"141":7,"142":7,"143":10,"144":6,"147":7,"148":6,"155":10,"156":6},"path":"/home/mario/IPOR/repo/ipor-protocol/contracts/oracles/IporOracle.sol","s":{"1":3,"2":1,"3":1,"4":2,"5":1,"6":6,"7":6,"8":6,"9":6,"10":3,"11":6,"12":3,"13":6,"14":6,"15":6,"16":2,"17":2,"18":2,"19":5,"20":5,"21":5,"22":3,"23":5,"24":2,"25":2,"26":2,"27":1,"28":1,"29":1,"30":7,"31":7,"32":10,"33":6,"34":7,"35":10},"b":{"1":[3,3],"2":[3,3],"3":[3,2],"4":[2,3],"5":[1,0],"6":[6,4],"7":[6,1],"8":[6,4]},"f":{"1":3,"2":1,"3":6,"4":2,"5":5,"6":2,"7":1,"8":7,"9":10},"fnMap":{"1":{"name":"constructor","line":24,"loc":{"start":{"line":24,"column":4},"end":{"line":26,"column":4}}},"2":{"name":"getIndexes","line":33,"loc":{"start":{"line":33,"column":4},"end":{"line":44,"column":4}}},"3":{"name":"updateIndex","line":53,"loc":{"start":{"line":53,"column":4},"end":{"line":71,"column":4}}},"4":{"name":"getIndex","line":82,"loc":{"start":{"line":82,"column":4},"end":{"line":90,"column":4}}},"5":{"name":"addUpdater","line":99,"loc":{"start":{"line":99,"column":4},"end":{"line":110,"column":4}}},"6":{"name":"getUpdaters","line":117,"loc":{"start":{"line":117,"column":4},"end":{"line":119,"column":4}}},"7":{"name":"removeUpdater","line":126,"loc":{"start":{"line":126,"column":4},"end":{"line":134,"column":4}}},"8":{"name":"onlyUpdater","line":140,"loc":{"start":{"line":140,"column":4},"end":{"line":149,"column":4}}},"9":{"name":"onlyAdmin","line":154,"loc":{"start":{"line":154,"column":4},"end":{"line":157,"column":4}}}},"statementMap":{"1":{"start":{"line":25,"column":8},"end":{"line":25,"column":25}},"2":{"start":{"line":34,"column":8},"end":{"line":34,"column":69}},"3":{"start":{"line":35,"column":8},"end":{"line":35,"column":1071}},"4":{"start":{"line":36,"column":12},"end":{"line":36,"column":1134}},"5":{"start":{"line":43,"column":8},"end":{"line":43,"column":23}},"6":{"start":{"line":55,"column":8},"end":{"line":55,"column":33}},"7":{"start":{"line":56,"column":8},"end":{"line":56,"column":66}},"8":{"start":{"line":58,"column":8},"end":{"line":58,"column":1778}},"9":{"start":{"line":59,"column":12},"end":{"line":59,"column":1841}},"10":{"start":{"line":60,"column":16},"end":{"line":60,"column":34}},"11":{"start":{"line":64,"column":8},"end":{"line":64,"column":1940}},"12":{"start":{"line":65,"column":12},"end":{"line":65,"column":36}},"13":{"start":{"line":68,"column":8},"end":{"line":68,"column":44}},"14":{"start":{"line":69,"column":8},"end":{"line":69,"column":73}},"15":{"start":{"line":70,"column":8},"end":{"line":70,"column":62}},"16":{"start":{"line":83,"column":8},"end":{"line":83,"column":66}},"17":{"start":{"line":84,"column":8},"end":{"line":84,"column":59}},"18":{"start":{"line":85,"column":8},"end":{"line":85,"column":2833}},"19":{"start":{"line":100,"column":8},"end":{"line":100,"column":34}},"20":{"start":{"line":101,"column":8},"end":{"line":101,"column":3272}},"21":{"start":{"line":102,"column":12},"end":{"line":102,"column":3332}},"22":{"start":{"line":103,"column":16},"end":{"line":103,"column":35}},"23":{"start":{"line":106,"column":8},"end":{"line":106,"column":3429}},"24":{"start":{"line":107,"column":12},"end":{"line":107,"column":34}},"25":{"start":{"line":108,"column":12},"end":{"line":108,"column":46}},"26":{"start":{"line":118,"column":8},"end":{"line":118,"column":23}},"27":{"start":{"line":128,"column":8},"end":{"line":128,"column":4142}},"28":{"start":{"line":129,"column":12},"end":{"line":129,"column":4202}},"29":{"start":{"line":131,"column":16},"end":{"line":131,"column":53}},"30":{"start":{"line":141,"column":8},"end":{"line":141,"column":28}},"31":{"start":{"line":142,"column":8},"end":{"line":142,"column":4517}},"32":{"start":{"line":143,"column":12},"end":{"line":143,"column":4581}},"33":{"start":{"line":144,"column":16},"end":{"line":144,"column":29}},"34":{"start":{"line":147,"column":8},"end":{"line":147,"column":70}},"35":{"start":{"line":155,"column":8},"end":{"line":155,"column":72}}},"branchMap":{"1":{"line":59,"type":"if","locations":[{"start":{"line":59,"column":12},"end":{"line":59,"column":12}},{"start":{"line":59,"column":12},"end":{"line":59,"column":12}}]},"2":{"line":64,"type":"if","locations":[{"start":{"line":64,"column":8},"end":{"line":64,"column":8}},{"start":{"line":64,"column":8},"end":{"line":64,"column":8}}]},"3":{"line":102,"type":"if","locations":[{"start":{"line":102,"column":12},"end":{"line":102,"column":12}},{"start":{"line":102,"column":12},"end":{"line":102,"column":12}}]},"4":{"line":106,"type":"if","locations":[{"start":{"line":106,"column":8},"end":{"line":106,"column":8}},{"start":{"line":106,"column":8},"end":{"line":106,"column":8}}]},"5":{"line":129,"type":"if","locations":[{"start":{"line":129,"column":12},"end":{"line":129,"column":12}},{"start":{"line":129,"column":12},"end":{"line":129,"column":12}}]},"6":{"line":143,"type":"if","locations":[{"start":{"line":143,"column":12},"end":{"line":143,"column":12}},{"start":{"line":143,"column":12},"end":{"line":143,"column":12}}]},"7":{"line":147,"type":"if","locations":[{"start":{"line":147,"column":8},"end":{"line":147,"column":8}},{"start":{"line":147,"column":8},"end":{"line":147,"column":8}}]},"8":{"line":155,"type":"if","locations":[{"start":{"line":155,"column":8},"end":{"line":155,"column":8}},{"start":{"line":155,"column":8},"end":{"line":155,"column":8}}]}}},
"contracts/oracles/IporOracleStorage.sol":{"l":{},"path":"/home/mario/IPOR/repo/ipor-protocol/contracts/oracles/IporOracleStorage.sol","s":{},"b":{},"f":{},"fnMap":{},"statementMap":{},"branchMap":{}}}
