TN:
SF:/home/mario/IPOR/repo/ipor-protocol/contracts/Errors.sol
FNF:0
FNH:0
LF:0
LH:0
BRF:0
BRH:0
end_of_record
TN:
SF:/home/mario/IPOR/repo/ipor-protocol/contracts/oracles/IporOracle.sol
FN:24,constructor
FN:33,getIndexes
FN:53,updateIndex
FN:82,getIndex
FN:99,addUpdater
FN:117,getUpdaters
FN:126,removeUpdater
FN:140,onlyUpdater
FN:154,onlyAdmin
FNF:9
FNH:9
FNDA:3,constructor
FNDA:1,getIndexes
FNDA:6,updateIndex
FNDA:2,getIndex
FNDA:5,addUpdater
FNDA:2,getUpdaters
FNDA:1,removeUpdater
FNDA:7,onlyUpdater
FNDA:10,onlyAdmin
DA:25,3
DA:34,1
DA:35,1
DA:36,2
DA:43,1
DA:55,6
DA:56,6
DA:58,6
DA:59,6
DA:60,3
DA:64,6
DA:65,3
DA:68,6
DA:69,6
DA:70,6
DA:83,2
DA:84,2
DA:85,2
DA:100,5
DA:101,5
DA:102,5
DA:103,3
DA:106,5
DA:107,2
DA:108,2
DA:118,2
DA:128,1
DA:129,1
DA:130,1
DA:131,1
DA:141,7
DA:142,7
DA:143,10
DA:144,6
DA:147,7
DA:148,6
DA:155,10
DA:156,6
LF:38
LH:38
BRDA:59,1,0,3
BRDA:59,1,1,3
BRDA:64,2,0,3
BRDA:64,2,1,3
BRDA:102,3,0,3
BRDA:102,3,1,2
BRDA:106,4,0,2
BRDA:106,4,1,3
BRDA:129,5,0,1
BRDA:129,5,1,0
BRDA:143,6,0,6
BRDA:143,6,1,4
BRDA:147,7,0,6
BRDA:147,7,1,1
BRDA:155,8,0,6
BRDA:155,8,1,4
BRF:16
BRH:15
end_of_record
TN:
SF:/home/mario/IPOR/repo/ipor-protocol/contracts/oracles/IporOracleStorage.sol
FNF:0
FNH:0
LF:0
LH:0
BRF:0
BRH:0
end_of_record
